  NetworkManager.cpp
d:\pol_b\documents\enti\sourcetree\programacionenred\programacionenred\gameproject_asteroids\gameproject_asteroids\player.h(11): warning C4005: 'MAX_SPEED': macro redefinition
  d:\pol_b\documents\enti\sourcetree\programacionenred\programacionenred\gameproject_asteroids\gameproject_asteroids\bullets.h(5): note: see previous definition of 'MAX_SPEED'
d:\pol_b\documents\enti\sourcetree\programacionenred\programacionenred\gameproject_asteroids\gameproject_asteroids\networkmanager.cpp(25): warning C4267: 'argument': conversion from 'size_t' to 'uint32_t', possible loss of data
d:\pol_b\documents\enti\sourcetree\programacionenred\programacionenred\gameproject_asteroids\gameproject_asteroids\networkmanager.cpp(78): warning C4267: 'argument': conversion from 'size_t' to 'uint32_t', possible loss of data
  GameScene.cpp
d:\pol_b\documents\enti\sourcetree\programacionenred\programacionenred\gameproject_asteroids\gameproject_asteroids\player.h(11): warning C4005: 'MAX_SPEED': macro redefinition
  d:\pol_b\documents\enti\sourcetree\programacionenred\programacionenred\gameproject_asteroids\gameproject_asteroids\bullets.h(5): note: see previous definition of 'MAX_SPEED'
d:\pol_b\documents\enti\sourcetree\programacionenred\programacionenred\gameproject_asteroids\gameproject_asteroids\gamescene.cpp(16): warning C4244: 'argument': conversion from 'float' to 'int', possible loss of data
d:\pol_b\documents\enti\sourcetree\programacionenred\programacionenred\gameproject_asteroids\gameproject_asteroids\gamescene.cpp(24): warning C4244: 'argument': conversion from 'double' to 'float', possible loss of data
d:\pol_b\documents\enti\sourcetree\programacionenred\programacionenred\gameproject_asteroids\gameproject_asteroids\gamescene.cpp(59): warning C4244: 'argument': conversion from 'Sint32' to 'float', possible loss of data
d:\pol_b\documents\enti\sourcetree\programacionenred\programacionenred\gameproject_asteroids\gameproject_asteroids\gamescene.cpp(71): warning C4244: 'argument': conversion from 'Sint32' to 'float', possible loss of data
d:\pol_b\documents\enti\sourcetree\programacionenred\programacionenred\gameproject_asteroids\gameproject_asteroids\gamescene.cpp(75): warning C4244: 'argument': conversion from 'Sint32' to 'float', possible loss of data
d:\pol_b\documents\enti\sourcetree\programacionenred\programacionenred\gameproject_asteroids\gameproject_asteroids\gamescene.cpp(103): warning C4244: '=': conversion from 'float' to 'int', possible loss of data
d:\pol_b\documents\enti\sourcetree\programacionenred\programacionenred\gameproject_asteroids\gameproject_asteroids\gamescene.cpp(105): warning C4244: '=': conversion from 'float' to 'int', possible loss of data
d:\pol_b\documents\enti\sourcetree\programacionenred\programacionenred\gameproject_asteroids\gameproject_asteroids\gamescene.cpp(108): warning C4244: '=': conversion from 'float' to 'int', possible loss of data
  Generating Code...
  GameProject_Asteroids.vcxproj -> D:\pol_b\Documents\Enti\SourceTree\ProgramacionEnRed\ProgramacionEnRed\GameProject_Asteroids\\bin\x64Debug\GameProject_Asteroids.exe
  GameProject_Asteroids.vcxproj -> D:\pol_b\Documents\Enti\SourceTree\ProgramacionEnRed\ProgramacionEnRed\GameProject_Asteroids\\bin\x64Debug\GameProject_Asteroids.pdb (Partial PDB)
  0 archivo(s) copiado(s)
