d:\enti\6º semestre\programacionenred\gameproject_asteroids\tmp\gameproject_asteroidsx64debug\vc140.pdb
d:\enti\6º semestre\programacionenred\gameproject_asteroids\tmp\gameproject_asteroidsx64debug\vc140.idb
d:\enti\6º semestre\programacionenred\gameproject_asteroids\tmp\gameproject_asteroidsx64debug\asteroid.obj
d:\enti\6º semestre\programacionenred\gameproject_asteroids\tmp\gameproject_asteroidsx64debug\asteroidsmanager.obj
d:\enti\6º semestre\programacionenred\gameproject_asteroids\tmp\gameproject_asteroidsx64debug\bullets.obj
d:\enti\6º semestre\programacionenred\gameproject_asteroids\tmp\gameproject_asteroidsx64debug\button.obj
d:\enti\6º semestre\programacionenred\gameproject_asteroids\tmp\gameproject_asteroidsx64debug\entities.obj
d:\enti\6º semestre\programacionenred\gameproject_asteroids\tmp\gameproject_asteroidsx64debug\gamescene.obj
d:\enti\6º semestre\programacionenred\gameproject_asteroids\tmp\gameproject_asteroidsx64debug\main.obj
d:\enti\6º semestre\programacionenred\gameproject_asteroids\tmp\gameproject_asteroidsx64debug\menuscene.obj
d:\enti\6º semestre\programacionenred\gameproject_asteroids\tmp\gameproject_asteroidsx64debug\networkmanager.obj
d:\enti\6º semestre\programacionenred\gameproject_asteroids\tmp\gameproject_asteroidsx64debug\onlineplayer.obj
d:\enti\6º semestre\programacionenred\gameproject_asteroids\tmp\gameproject_asteroidsx64debug\ovni.obj
d:\enti\6º semestre\programacionenred\gameproject_asteroids\tmp\gameproject_asteroidsx64debug\ovnimanager.obj
d:\enti\6º semestre\programacionenred\gameproject_asteroids\tmp\gameproject_asteroidsx64debug\player.obj
d:\enti\6º semestre\programacionenred\gameproject_asteroids\tmp\gameproject_asteroidsx64debug\rankingscene.obj
d:\enti\6º semestre\programacionenred\gameproject_asteroids\bin\x64debug\gameproject_asteroids.ilk
d:\enti\6º semestre\programacionenred\gameproject_asteroids\bin\x64debug\gameproject_asteroids.exe
d:\enti\6º semestre\programacionenred\gameproject_asteroids\bin\x64debug\gameproject_asteroids.pdb
d:\enti\6º semestre\programacionenred\gameproject_asteroids\\bin\x64debug\gameproject_asteroids.pdb
d:\enti\6º semestre\programacionenred\gameproject_asteroids\\bin\x64debug\gameproject_asteroids.exe
d:\enti\6º semestre\programacionenred\gameproject_asteroids\\bin\x64debug\gameproject_asteroids.ilk
d:\enti\6º semestre\programacionenred\gameproject_asteroids\tmp\gameproject_asteroidsx64debug\gameproj.72f42f1f.tlog\cl.command.1.tlog
d:\enti\6º semestre\programacionenred\gameproject_asteroids\tmp\gameproject_asteroidsx64debug\gameproj.72f42f1f.tlog\cl.read.1.tlog
d:\enti\6º semestre\programacionenred\gameproject_asteroids\tmp\gameproject_asteroidsx64debug\gameproj.72f42f1f.tlog\cl.write.1.tlog
d:\enti\6º semestre\programacionenred\gameproject_asteroids\tmp\gameproject_asteroidsx64debug\gameproj.72f42f1f.tlog\link.command.1.tlog
d:\enti\6º semestre\programacionenred\gameproject_asteroids\tmp\gameproject_asteroidsx64debug\gameproj.72f42f1f.tlog\link.read.1.tlog
d:\enti\6º semestre\programacionenred\gameproject_asteroids\tmp\gameproject_asteroidsx64debug\gameproj.72f42f1f.tlog\link.write.1.tlog
